<?xml version="1.0" encoding="UTF-8"?>
<!-- Generated by org.testng.reporters.JUnitReportReporter -->
<testsuite hostname="LAPTOP-6UNA8P7R" failures="0" tests="1" name="Academy.validateNavigationBar" time="0.084" errors="0" timestamp="2021-11-28T23:08:26 EST" skipped="0">
  <testcase classname="Academy.validateNavigationBar" name="ValidateNavigation" time="0.084"/>
  <system-out/>
</testsuite> <!-- Academy.validateNavigationBar -->
