<?xml version="1.0" encoding="UTF-8"?>
<!-- Generated by org.testng.reporters.JUnitReportReporter -->
<testsuite skipped="0" hostname="LAPTOP-6UNA8P7R" name="Academy.validateNavigationBar" tests="1" failures="0" timestamp="29 Nov 2021 02:42:28 GMT" time="0.146" errors="0">
  <testcase name="ValidateNavigation" time="0.146" classname="Academy.validateNavigationBar"/>
</testsuite> <!-- Academy.validateNavigationBar -->
