<?xml version="1.0" encoding="UTF-8"?>
<!-- Generated by org.testng.reporters.JUnitReportReporter -->
<testsuite skipped="0" hostname="LAPTOP-6UNA8P7R" name="Academy.HomePage" tests="2" failures="0" timestamp="29 Nov 2021 02:42:28 GMT" time="15.693" errors="0">
  <testcase name="basePageNavigation" time="10.743" classname="Academy.HomePage"/>
  <testcase name="basePageNavigation" time="4.950" classname="Academy.HomePage"/>
</testsuite> <!-- Academy.HomePage -->
